<?xml version="1.0" encoding="UTF-8"?>
<testng-results ignored="0" total="1" passed="1" failed="0" skipped="0">
  <reporter-output>
  </reporter-output>
  <suite started-at="2024-01-22T22:21:02 IST" name="Default suite" finished-at="2024-01-22T22:21:08 IST" duration-ms="6369">
    <groups>
    </groups>
    <test started-at="2024-01-22T22:21:02 IST" name="Default test" finished-at="2024-01-22T22:21:08 IST" duration-ms="6369">
      <class name="test.EstimateTest">
        <test-method is-config="true" signature="beforeMethod(java.lang.String)[pri:0, instance:test.EstimateTest@7c24b813]" started-at="2024-01-22T22:21:02 IST" name="beforeMethod" finished-at="2024-01-22T22:21:05 IST" duration-ms="3078" status="PASS">
          <params>
            <param index="0">
              <value>
                <![CDATA[chrome]]>
              </value>
            </param>
          </params>
          <reporter-output>
          </reporter-output>
        </test-method> <!-- beforeMethod -->
        <test-method signature="verifyEstimate()[pri:0, instance:test.EstimateTest@7c24b813]" started-at="2024-01-22T22:21:05 IST" name="verifyEstimate" finished-at="2024-01-22T22:21:08 IST" duration-ms="3082" status="PASS">
          <reporter-output>
          </reporter-output>
        </test-method> <!-- verifyEstimate -->
        <test-method is-config="true" signature="afterMethod(org.testng.ITestResult)[pri:0, instance:test.EstimateTest@7c24b813]" started-at="2024-01-22T22:21:08 IST" name="afterMethod" finished-at="2024-01-22T22:21:08 IST" duration-ms="180" status="PASS">
          <params>
            <param index="0">
              <value>
                <![CDATA[[TestResult name=verifyEstimate status=SUCCESS method=EstimateTest.verifyEstimate()[pri:0, instance:test.EstimateTest@7c24b813] output={null}]]]>
              </value>
            </param>
          </params>
          <reporter-output>
          </reporter-output>
        </test-method> <!-- afterMethod -->
      </class> <!-- test.EstimateTest -->
    </test> <!-- Default test -->
  </suite> <!-- Default suite -->
</testng-results>
